<?xml version="1.0" encoding="UTF-8"?>
<robot generator="Robot 5.0.1 (Python 3.10.7 on win32)" generated="20221013 19:26:14.322" rpa="false" schemaversion="3">
<suite id="s1" name="Login" source="C:\vdt2\trade-sticker\tests\login.robot">
<test id="s1-t1" name="Deve logar com sucesso" line="10">
<kw name="Start Test" library="main" type="SETUP">
<kw name="New Browser" library="Browser">
<arg>headless=False</arg>
<arg>browser=${BROWSER}</arg>
<tag>BrowserControl</tag>
<tag>Setter</tag>
<doc>Create a new playwright Browser with specified options.</doc>
<msg timestamp="20221013 19:26:16.167" level="FAIL">Variable '${BROWSER}' not found.</msg>
<status status="FAIL" starttime="20221013 19:26:16.167" endtime="20221013 19:26:16.167"/>
</kw>
<status status="FAIL" starttime="20221013 19:26:16.166" endtime="20221013 19:26:16.167"/>
</kw>
<kw name="Finish Test" library="main" type="TEARDOWN">
<kw name="Sleep" library="BuiltIn">
<arg>1</arg>
<doc>Pauses the test executed for the given time.</doc>
<msg timestamp="20221013 19:26:17.175" level="INFO">Slept 1 second</msg>
<status status="PASS" starttime="20221013 19:26:16.171" endtime="20221013 19:26:17.175"/>
</kw>
<kw name="Take Screenshot" library="Browser">
<tag>PageContent</tag>
<doc>Takes a screenshot of the current window or element and saves it to disk.</doc>
<msg timestamp="20221013 19:26:17.194" level="WARN">Keyword 'Take Screenshot  fail-screenshot-{index}' could not be run on failure:
Error: Tried to take screenshot, but no page was open.</msg>
<msg timestamp="20221013 19:26:17.200" level="FAIL">Error: Tried to take screenshot, but no page was open.</msg>
<status status="FAIL" starttime="20221013 19:26:17.176" endtime="20221013 19:26:17.243"/>
</kw>
<status status="FAIL" starttime="20221013 19:26:16.170" endtime="20221013 19:26:17.243">Error: Tried to take screenshot, but no page was open.</status>
</kw>
<status status="FAIL" starttime="20221013 19:26:16.160" endtime="20221013 19:26:17.248">Setup failed:
Variable '${BROWSER}' not found.

Also teardown failed:
Error: Tried to take screenshot, but no page was open.</status>
</test>
<test id="s1-t2" name="Não deve logar com senha incorreta" line="16">
<kw name="Start Test" library="main" type="SETUP">
<kw name="New Browser" library="Browser">
<arg>headless=False</arg>
<arg>browser=${BROWSER}</arg>
<tag>BrowserControl</tag>
<tag>Setter</tag>
<doc>Create a new playwright Browser with specified options.</doc>
<msg timestamp="20221013 19:26:17.256" level="FAIL">Variable '${BROWSER}' not found.</msg>
<status status="FAIL" starttime="20221013 19:26:17.256" endtime="20221013 19:26:17.256"/>
</kw>
<status status="FAIL" starttime="20221013 19:26:17.255" endtime="20221013 19:26:17.256"/>
</kw>
<kw name="Finish Test" library="main" type="TEARDOWN">
<kw name="Sleep" library="BuiltIn">
<arg>1</arg>
<doc>Pauses the test executed for the given time.</doc>
<msg timestamp="20221013 19:26:18.262" level="INFO">Slept 1 second</msg>
<status status="PASS" starttime="20221013 19:26:17.260" endtime="20221013 19:26:18.262"/>
</kw>
<kw name="Take Screenshot" library="Browser">
<tag>PageContent</tag>
<doc>Takes a screenshot of the current window or element and saves it to disk.</doc>
<msg timestamp="20221013 19:26:18.278" level="WARN">Keyword 'Take Screenshot  fail-screenshot-{index}' could not be run on failure:
Error: Tried to take screenshot, but no page was open.</msg>
<msg timestamp="20221013 19:26:18.285" level="FAIL">Error: Tried to take screenshot, but no page was open.</msg>
<status status="FAIL" starttime="20221013 19:26:18.262" endtime="20221013 19:26:18.286"/>
</kw>
<status status="FAIL" starttime="20221013 19:26:17.259" endtime="20221013 19:26:18.286">Error: Tried to take screenshot, but no page was open.</status>
</kw>
<status status="FAIL" starttime="20221013 19:26:17.252" endtime="20221013 19:26:18.288">Setup failed:
Variable '${BROWSER}' not found.

Also teardown failed:
Error: Tried to take screenshot, but no page was open.</status>
</test>
<test id="s1-t3" name="Deve exibir notificação toaster se a senha não for preenchida" line="21">
<kw name="Start Test" library="main" type="SETUP">
<kw name="New Browser" library="Browser">
<arg>headless=False</arg>
<arg>browser=${BROWSER}</arg>
<tag>BrowserControl</tag>
<tag>Setter</tag>
<doc>Create a new playwright Browser with specified options.</doc>
<msg timestamp="20221013 19:26:18.298" level="FAIL">Variable '${BROWSER}' not found.</msg>
<status status="FAIL" starttime="20221013 19:26:18.298" endtime="20221013 19:26:18.298"/>
</kw>
<status status="FAIL" starttime="20221013 19:26:18.298" endtime="20221013 19:26:18.298"/>
</kw>
<kw name="Finish Test" library="main" type="TEARDOWN">
<kw name="Sleep" library="BuiltIn">
<arg>1</arg>
<doc>Pauses the test executed for the given time.</doc>
<msg timestamp="20221013 19:26:19.316" level="INFO">Slept 1 second</msg>
<status status="PASS" starttime="20221013 19:26:18.307" endtime="20221013 19:26:19.316"/>
</kw>
<kw name="Take Screenshot" library="Browser">
<tag>PageContent</tag>
<doc>Takes a screenshot of the current window or element and saves it to disk.</doc>
<msg timestamp="20221013 19:26:19.316" level="WARN">Keyword 'Take Screenshot  fail-screenshot-{index}' could not be run on failure:
Error: Tried to take screenshot, but no page was open.</msg>
<msg timestamp="20221013 19:26:19.329" level="FAIL">Error: Tried to take screenshot, but no page was open.</msg>
<status status="FAIL" starttime="20221013 19:26:19.316" endtime="20221013 19:26:19.330"/>
</kw>
<status status="FAIL" starttime="20221013 19:26:18.306" endtime="20221013 19:26:19.330">Error: Tried to take screenshot, but no page was open.</status>
</kw>
<status status="FAIL" starttime="20221013 19:26:18.295" endtime="20221013 19:26:19.332">Setup failed:
Variable '${BROWSER}' not found.

Also teardown failed:
Error: Tried to take screenshot, but no page was open.</status>
</test>
<test id="s1-t4" name="Deve exibir notificação toaster se e e-mail não for preenchida" line="26">
<kw name="Start Test" library="main" type="SETUP">
<kw name="New Browser" library="Browser">
<arg>headless=False</arg>
<arg>browser=${BROWSER}</arg>
<tag>BrowserControl</tag>
<tag>Setter</tag>
<doc>Create a new playwright Browser with specified options.</doc>
<msg timestamp="20221013 19:26:19.344" level="FAIL">Variable '${BROWSER}' not found.</msg>
<status status="FAIL" starttime="20221013 19:26:19.344" endtime="20221013 19:26:19.344"/>
</kw>
<status status="FAIL" starttime="20221013 19:26:19.344" endtime="20221013 19:26:19.344"/>
</kw>
<kw name="Finish Test" library="main" type="TEARDOWN">
<kw name="Sleep" library="BuiltIn">
<arg>1</arg>
<doc>Pauses the test executed for the given time.</doc>
<msg timestamp="20221013 19:26:20.355" level="INFO">Slept 1 second</msg>
<status status="PASS" starttime="20221013 19:26:19.350" endtime="20221013 19:26:20.355"/>
</kw>
<kw name="Take Screenshot" library="Browser">
<tag>PageContent</tag>
<doc>Takes a screenshot of the current window or element and saves it to disk.</doc>
<msg timestamp="20221013 19:26:20.371" level="WARN">Keyword 'Take Screenshot  fail-screenshot-{index}' could not be run on failure:
Error: Tried to take screenshot, but no page was open.</msg>
<msg timestamp="20221013 19:26:20.376" level="FAIL">Error: Tried to take screenshot, but no page was open.</msg>
<status status="FAIL" starttime="20221013 19:26:20.355" endtime="20221013 19:26:20.376"/>
</kw>
<status status="FAIL" starttime="20221013 19:26:19.349" endtime="20221013 19:26:20.376">Error: Tried to take screenshot, but no page was open.</status>
</kw>
<status status="FAIL" starttime="20221013 19:26:19.338" endtime="20221013 19:26:20.382">Setup failed:
Variable '${BROWSER}' not found.

Also teardown failed:
Error: Tried to take screenshot, but no page was open.</status>
</test>
<test id="s1-t5" name="Deve exibir notificação toaster se a senha e o e-mail não forem preenchidos" line="31">
<kw name="Start Test" library="main" type="SETUP">
<kw name="New Browser" library="Browser">
<arg>headless=False</arg>
<arg>browser=${BROWSER}</arg>
<tag>BrowserControl</tag>
<tag>Setter</tag>
<doc>Create a new playwright Browser with specified options.</doc>
<msg timestamp="20221013 19:26:20.393" level="FAIL">Variable '${BROWSER}' not found.</msg>
<status status="FAIL" starttime="20221013 19:26:20.393" endtime="20221013 19:26:20.393"/>
</kw>
<status status="FAIL" starttime="20221013 19:26:20.393" endtime="20221013 19:26:20.393"/>
</kw>
<kw name="Finish Test" library="main" type="TEARDOWN">
<kw name="Sleep" library="BuiltIn">
<arg>1</arg>
<doc>Pauses the test executed for the given time.</doc>
<msg timestamp="20221013 19:26:21.421" level="INFO">Slept 1 second</msg>
<status status="PASS" starttime="20221013 19:26:20.409" endtime="20221013 19:26:21.421"/>
</kw>
<kw name="Take Screenshot" library="Browser">
<tag>PageContent</tag>
<doc>Takes a screenshot of the current window or element and saves it to disk.</doc>
<msg timestamp="20221013 19:26:21.421" level="WARN">Keyword 'Take Screenshot  fail-screenshot-{index}' could not be run on failure:
Error: Tried to take screenshot, but no page was open.</msg>
<msg timestamp="20221013 19:26:21.438" level="FAIL">Error: Tried to take screenshot, but no page was open.</msg>
<status status="FAIL" starttime="20221013 19:26:21.421" endtime="20221013 19:26:21.439"/>
</kw>
<status status="FAIL" starttime="20221013 19:26:20.408" endtime="20221013 19:26:21.439">Error: Tried to take screenshot, but no page was open.</status>
</kw>
<status status="FAIL" starttime="20221013 19:26:20.392" endtime="20221013 19:26:21.442">Setup failed:
Variable '${BROWSER}' not found.

Also teardown failed:
Error: Tried to take screenshot, but no page was open.</status>
</test>
<doc>Login tests</doc>
<status status="FAIL" starttime="20221013 19:26:14.324" endtime="20221013 19:26:21.451"/>
</suite>
<statistics>
<total>
<stat pass="0" fail="5" skip="0">All Tests</stat>
</total>
<tag>
</tag>
<suite>
<stat pass="0" fail="5" skip="0" id="s1" name="Login">Login</stat>
</suite>
</statistics>
<errors>
<msg timestamp="20221013 19:26:17.194" level="WARN">Keyword 'Take Screenshot  fail-screenshot-{index}' could not be run on failure:
Error: Tried to take screenshot, but no page was open.</msg>
<msg timestamp="20221013 19:26:18.278" level="WARN">Keyword 'Take Screenshot  fail-screenshot-{index}' could not be run on failure:
Error: Tried to take screenshot, but no page was open.</msg>
<msg timestamp="20221013 19:26:19.316" level="WARN">Keyword 'Take Screenshot  fail-screenshot-{index}' could not be run on failure:
Error: Tried to take screenshot, but no page was open.</msg>
<msg timestamp="20221013 19:26:20.371" level="WARN">Keyword 'Take Screenshot  fail-screenshot-{index}' could not be run on failure:
Error: Tried to take screenshot, but no page was open.</msg>
<msg timestamp="20221013 19:26:21.421" level="WARN">Keyword 'Take Screenshot  fail-screenshot-{index}' could not be run on failure:
Error: Tried to take screenshot, but no page was open.</msg>
</errors>
</robot>
